{"error":{},"level":"error","message":"Falha ao obter o post com o slug: ","slug":"dicas-de-acessibilidade-websss"}
{"error":{},"level":"error","message":"Falha ao obter o post com o slug: ","slug":"dicas-de-acessibilidade-websss"}
{"error":{},"level":"error","message":"Falha ao obter o post com o slug: ","slug":"dicas-de-acessibilidade-webs"}
{"error":{},"level":"error","message":"Falha ao obter o post com o slug: ","slug":"dicas-de-acessibilidade-webs"}
{"error":{"clientVersion":"5.9.1","name":"PrismaClientInitializationError"},"level":"error","message":"Falha ao obter posts"}
{"error":{"clientVersion":"5.9.1","code":"P2022","meta":{"column":"Post.likes","modelName":"Post"},"name":"PrismaClientKnownRequestError"},"level":"error","message":"Falha ao obter posts"}
{"error":{"clientVersion":"5.9.1","code":"P2022","meta":{"column":"Post.likes","modelName":"Post"},"name":"PrismaClientKnownRequestError"},"level":"error","message":"Falha ao obter posts"}
{"error":{"clientVersion":"5.9.1","code":"P2022","meta":{"column":"Post.likes","modelName":"Post"},"name":"PrismaClientKnownRequestError"},"level":"error","message":"Falha ao obter posts"}
{"error":{"clientVersion":"5.9.1","code":"P2022","meta":{"column":"Post.likes","modelName":"Post"},"name":"PrismaClientKnownRequestError"},"level":"error","message":"Falha ao obter posts"}
{"error":{"clientVersion":"5.9.1","code":"P2022","meta":{"column":"Post.likes","modelName":"Post"},"name":"PrismaClientKnownRequestError"},"level":"error","message":"Falha ao obter posts"}
{"error":{},"level":"error","message":"Falha ao obter projects"}
{"error":{},"level":"error","message":"Falha ao obter projects"}
{"error":{},"level":"error","message":"Falha ao obter projects"}
{"error":{},"level":"error","message":"Falha ao obter projects"}
{"error":{},"level":"error","message":"Falha ao obter projects"}
{"error":{},"level":"error","message":"Falha ao obter os projetos"}
{"error":{},"level":"error","message":"Falha ao obter os projetos"}
{"error":{},"level":"error","message":"Falha ao obter projetos"}
{"error":{},"level":"error","message":"Falha ao obter projetos"}
{"error":{},"level":"error","message":"Falha ao obter projetos"}
{"error":{},"level":"error","message":"Falha ao obter projetos"}
{"error":{},"level":"error","message":"Falha ao obter posts"}
{"error":{},"level":"error","message":"Falha ao obter posts"}
{"error":{},"level":"error","message":"Falha ao obter posts"}
{"error":{},"level":"error","message":"Falha ao obter projects"}
{"error":{},"level":"error","message":"Falha ao obter projects"}
{"error":{},"level":"error","message":"Falha ao obter projects"}
{"error":{},"level":"error","message":"Falha ao obter projects"}
{"error":{},"level":"error","message":"Falha ao obter projects"}
{"error":{},"level":"error","message":"Falha ao obter projects"}
{"error":{},"level":"error","message":"Falha ao obter projects"}
{"error":{},"level":"error","message":"Falha ao obter projects"}
{"error":{},"level":"error","message":"Falha ao obter projects"}
{"error":{},"level":"error","message":"Falha ao obter projects"}
{"error":{},"level":"error","message":"Falha ao obter projects"}
{"error":{"clientVersion":"5.9.1","code":"P2021","meta":{"modelName":"Project","table":"public.Project"},"name":"PrismaClientKnownRequestError"},"level":"error","message":"Falha ao obter projects"}
{"error":{"clientVersion":"5.9.1","code":"P2021","meta":{"modelName":"Project","table":"public.Project"},"name":"PrismaClientKnownRequestError"},"level":"error","message":"Falha ao obter projects"}
{"error":{"clientVersion":"5.9.1","code":"P2021","meta":{"modelName":"Project","table":"public.Project"},"name":"PrismaClientKnownRequestError"},"level":"error","message":"Falha ao obter projects"}
